{"/Users/ben/Code/f1test/src/App.tsx": {"path":"/Users/ben/Code/f1test/src/App.tsx","statementMap":{"0":{"start":{"line":8,"column":22},"end":{"line":43,"column":1}},"1":{"start":{"line":14,"column":6},"end":{"line":14,"column":20}},"2":{"start":{"line":16,"column":2},"end":{"line":42,"column":4}}},"fnMap":{"0":{"name":"(anonymous_0)","decl":{"start":{"line":8,"column":22},"end":{"line":8,"column":23}},"loc":{"start":{"line":8,"column":28},"end":{"line":43,"column":1}},"line":8}},"branchMap":{"0":{"loc":{"start":{"line":35,"column":9},"end":{"line":39,"column":9}},"type":"binary-expr","locations":[{"start":{"line":35,"column":9},"end":{"line":35,"column":36}},{"start":{"line":36,"column":10},"end":{"line":38,"column":14}}],"line":35}},"s":{"0":0,"1":0,"2":0},"f":{"0":0},"b":{"0":[0,0]}}
,"/Users/ben/Code/f1test/src/components/ConnectionStatus.tsx": {"path":"/Users/ben/Code/f1test/src/components/ConnectionStatus.tsx","statementMap":{"0":{"start":{"line":9,"column":65},"end":{"line":58,"column":1}},"1":{"start":{"line":10,"column":25},"end":{"line":14,"column":3}},"2":{"start":{"line":11,"column":4},"end":{"line":11,"column":45}},"3":{"start":{"line":11,"column":28},"end":{"line":11,"column":45}},"4":{"start":{"line":12,"column":4},"end":{"line":12,"column":46}},"5":{"start":{"line":12,"column":29},"end":{"line":12,"column":46}},"6":{"start":{"line":13,"column":4},"end":{"line":13,"column":21}},"7":{"start":{"line":16,"column":24},"end":{"line":20,"column":3}},"8":{"start":{"line":17,"column":4},"end":{"line":17,"column":47}},"9":{"start":{"line":17,"column":28},"end":{"line":17,"column":47}},"10":{"start":{"line":18,"column":4},"end":{"line":18,"column":52}},"11":{"start":{"line":18,"column":29},"end":{"line":18,"column":52}},"12":{"start":{"line":19,"column":4},"end":{"line":19,"column":26}},"13":{"start":{"line":22,"column":27},"end":{"line":30,"column":3}},"14":{"start":{"line":23,"column":4},"end":{"line":23,"column":25}},"15":{"start":{"line":23,"column":15},"end":{"line":23,"column":25}},"16":{"start":{"line":24,"column":16},"end":{"line":24,"column":26}},"17":{"start":{"line":25,"column":17},"end":{"line":25,"column":68}},"18":{"start":{"line":27,"column":4},"end":{"line":27,"column":41}},"19":{"start":{"line":27,"column":19},"end":{"line":27,"column":41}},"20":{"start":{"line":28,"column":4},"end":{"line":28,"column":60}},"21":{"start":{"line":28,"column":21},"end":{"line":28,"column":60}},"22":{"start":{"line":29,"column":4},"end":{"line":29,"column":37}},"23":{"start":{"line":32,"column":2},"end":{"line":57,"column":4}}},"fnMap":{"0":{"name":"(anonymous_0)","decl":{"start":{"line":9,"column":65},"end":{"line":9,"column":66}},"loc":{"start":{"line":9,"column":90},"end":{"line":58,"column":1}},"line":9},"1":{"name":"(anonymous_1)","decl":{"start":{"line":10,"column":25},"end":{"line":10,"column":26}},"loc":{"start":{"line":10,"column":31},"end":{"line":14,"column":3}},"line":10},"2":{"name":"(anonymous_2)","decl":{"start":{"line":16,"column":24},"end":{"line":16,"column":25}},"loc":{"start":{"line":16,"column":30},"end":{"line":20,"column":3}},"line":16},"3":{"name":"(anonymous_3)","decl":{"start":{"line":22,"column":27},"end":{"line":22,"column":28}},"loc":{"start":{"line":22,"column":44},"end":{"line":30,"column":3}},"line":22}},"branchMap":{"0":{"loc":{"start":{"line":11,"column":4},"end":{"line":11,"column":45}},"type":"if","locations":[{"start":{"line":11,"column":4},"end":{"line":11,"column":45}},{"start":{},"end":{}}],"line":11},"1":{"loc":{"start":{"line":12,"column":4},"end":{"line":12,"column":46}},"type":"if","locations":[{"start":{"line":12,"column":4},"end":{"line":12,"column":46}},{"start":{},"end":{}}],"line":12},"2":{"loc":{"start":{"line":17,"column":4},"end":{"line":17,"column":47}},"type":"if","locations":[{"start":{"line":17,"column":4},"end":{"line":17,"column":47}},{"start":{},"end":{}}],"line":17},"3":{"loc":{"start":{"line":18,"column":4},"end":{"line":18,"column":52}},"type":"if","locations":[{"start":{"line":18,"column":4},"end":{"line":18,"column":52}},{"start":{},"end":{}}],"line":18},"4":{"loc":{"start":{"line":23,"column":4},"end":{"line":23,"column":25}},"type":"if","locations":[{"start":{"line":23,"column":4},"end":{"line":23,"column":25}},{"start":{},"end":{}}],"line":23},"5":{"loc":{"start":{"line":27,"column":4},"end":{"line":27,"column":41}},"type":"if","locations":[{"start":{"line":27,"column":4},"end":{"line":27,"column":41}},{"start":{},"end":{}}],"line":27},"6":{"loc":{"start":{"line":28,"column":4},"end":{"line":28,"column":60}},"type":"if","locations":[{"start":{"line":28,"column":4},"end":{"line":28,"column":60}},{"start":{},"end":{}}],"line":28},"7":{"loc":{"start":{"line":42,"column":7},"end":{"line":46,"column":7}},"type":"binary-expr","locations":[{"start":{"line":42,"column":7},"end":{"line":42,"column":24}},{"start":{"line":43,"column":8},"end":{"line":45,"column":15}}],"line":42},"8":{"loc":{"start":{"line":48,"column":7},"end":{"line":55,"column":7}},"type":"binary-expr","locations":[{"start":{"line":48,"column":7},"end":{"line":48,"column":19}},{"start":{"line":49,"column":8},"end":{"line":54,"column":14}}],"line":48}},"s":{"0":1,"1":72,"2":72,"3":0,"4":0,"5":0,"6":0,"7":72,"8":0,"9":0,"10":0,"11":0,"12":0,"13":72,"14":0,"15":0,"16":0,"17":0,"18":0,"19":0,"20":0,"21":0,"22":0,"23":72},"f":{"0":72,"1":72,"2":0,"3":0},"b":{"0":[0,0],"1":[0,0],"2":[0,0],"3":[0,0],"4":[0,0],"5":[0,0],"6":[0,0],"7":[0,0],"8":[0,0]},"_coverageSchema":"1a1c01bbd47fc00a2c39e90264f33305004495a9","hash":"fa91ec3f8872dc3488acaf36528c8a788cc99a1f"}
,"/Users/ben/Code/f1test/src/components/LiveDataTable.tsx": {"path":"/Users/ben/Code/f1test/src/components/LiveDataTable.tsx","statementMap":{"0":{"start":{"line":9,"column":59},"end":{"line":150,"column":1}},"1":{"start":{"line":10,"column":24},"end":{"line":17,"column":15}},"2":{"start":{"line":11,"column":4},"end":{"line":16,"column":7}},"3":{"start":{"line":13,"column":6},"end":{"line":13,"column":48}},"4":{"start":{"line":13,"column":39},"end":{"line":13,"column":48}},"5":{"start":{"line":14,"column":6},"end":{"line":14,"column":49}},"6":{"start":{"line":14,"column":39},"end":{"line":14,"column":49}},"7":{"start":{"line":15,"column":6},"end":{"line":15,"column":37}},"8":{"start":{"line":19,"column":21},"end":{"line":31,"column":3}},"9":{"start":{"line":20,"column":4},"end":{"line":20,"column":26}},"10":{"start":{"line":20,"column":15},"end":{"line":20,"column":26}},"11":{"start":{"line":22,"column":4},"end":{"line":22,"column":40}},"12":{"start":{"line":22,"column":28},"end":{"line":22,"column":40}},"13":{"start":{"line":24,"column":15},"end":{"line":24,"column":31}},"14":{"start":{"line":25,"column":4},"end":{"line":29,"column":5}},"15":{"start":{"line":26,"column":22},"end":{"line":26,"column":44}},"16":{"start":{"line":27,"column":22},"end":{"line":27,"column":54}},"17":{"start":{"line":28,"column":6},"end":{"line":28,"column":54}},"18":{"start":{"line":30,"column":4},"end":{"line":30,"column":16}},"19":{"start":{"line":33,"column":20},"end":{"line":37,"column":3}},"20":{"start":{"line":34,"column":4},"end":{"line":34,"column":64}},"21":{"start":{"line":34,"column":48},"end":{"line":34,"column":64}},"22":{"start":{"line":35,"column":4},"end":{"line":35,"column":40}},"23":{"start":{"line":35,"column":29},"end":{"line":35,"column":40}},"24":{"start":{"line":36,"column":4},"end":{"line":36,"column":21}},"25":{"start":{"line":39,"column":23},"end":{"line":55,"column":3}},"26":{"start":{"line":41,"column":47},"end":{"line":52,"column":5}},"27":{"start":{"line":54,"column":4},"end":{"line":54,"column":68}},"28":{"start":{"line":57,"column":26},"end":{"line":63,"column":3}},"29":{"start":{"line":58,"column":20},"end":{"line":58,"column":32}},"30":{"start":{"line":59,"column":4},"end":{"line":59,"column":50}},"31":{"start":{"line":59,"column":26},"end":{"line":59,"column":50}},"32":{"start":{"line":60,"column":4},"end":{"line":60,"column":51}},"33":{"start":{"line":60,"column":26},"end":{"line":60,"column":51}},"34":{"start":{"line":61,"column":4},"end":{"line":61,"column":51}},"35":{"start":{"line":61,"column":22},"end":{"line":61,"column":51}},"36":{"start":{"line":62,"column":4},"end":{"line":62,"column":21}},"37":{"start":{"line":65,"column":2},"end":{"line":76,"column":3}},"38":{"start":{"line":66,"column":4},"end":{"line":75,"column":6}},"39":{"start":{"line":78,"column":2},"end":{"line":149,"column":4}},"40":{"start":{"line":101,"column":14},"end":{"line":137,"column":19}}},"fnMap":{"0":{"name":"(anonymous_0)","decl":{"start":{"line":9,"column":59},"end":{"line":9,"column":60}},"loc":{"start":{"line":9,"column":89},"end":{"line":150,"column":1}},"line":9},"1":{"name":"(anonymous_1)","decl":{"start":{"line":10,"column":32},"end":{"line":10,"column":33}},"loc":{"start":{"line":10,"column":38},"end":{"line":17,"column":3}},"line":10},"2":{"name":"(anonymous_2)","decl":{"start":{"line":11,"column":29},"end":{"line":11,"column":30}},"loc":{"start":{"line":11,"column":39},"end":{"line":16,"column":5}},"line":11},"3":{"name":"(anonymous_3)","decl":{"start":{"line":19,"column":21},"end":{"line":19,"column":22}},"loc":{"start":{"line":19,"column":40},"end":{"line":31,"column":3}},"line":19},"4":{"name":"(anonymous_4)","decl":{"start":{"line":33,"column":20},"end":{"line":33,"column":21}},"loc":{"start":{"line":33,"column":38},"end":{"line":37,"column":3}},"line":33},"5":{"name":"(anonymous_5)","decl":{"start":{"line":39,"column":23},"end":{"line":39,"column":24}},"loc":{"start":{"line":39,"column":43},"end":{"line":55,"column":3}},"line":39},"6":{"name":"(anonymous_6)","decl":{"start":{"line":57,"column":26},"end":{"line":57,"column":27}},"loc":{"start":{"line":57,"column":46},"end":{"line":63,"column":3}},"line":57},"7":{"name":"(anonymous_7)","decl":{"start":{"line":100,"column":31},"end":{"line":100,"column":32}},"loc":{"start":{"line":101,"column":14},"end":{"line":137,"column":19}},"line":101}},"branchMap":{"0":{"loc":{"start":{"line":13,"column":6},"end":{"line":13,"column":48}},"type":"if","locations":[{"start":{"line":13,"column":6},"end":{"line":13,"column":48}},{"start":{},"end":{}}],"line":13},"1":{"loc":{"start":{"line":13,"column":10},"end":{"line":13,"column":37}},"type":"binary-expr","locations":[{"start":{"line":13,"column":10},"end":{"line":13,"column":21}},{"start":{"line":13,"column":25},"end":{"line":13,"column":37}}],"line":13},"2":{"loc":{"start":{"line":14,"column":6},"end":{"line":14,"column":49}},"type":"if","locations":[{"start":{"line":14,"column":6},"end":{"line":14,"column":49}},{"start":{},"end":{}}],"line":14},"3":{"loc":{"start":{"line":14,"column":10},"end":{"line":14,"column":37}},"type":"binary-expr","locations":[{"start":{"line":14,"column":10},"end":{"line":14,"column":22}},{"start":{"line":14,"column":26},"end":{"line":14,"column":37}}],"line":14},"4":{"loc":{"start":{"line":20,"column":4},"end":{"line":20,"column":26}},"type":"if","locations":[{"start":{"line":20,"column":4},"end":{"line":20,"column":26}},{"start":{},"end":{}}],"line":20},"5":{"loc":{"start":{"line":22,"column":4},"end":{"line":22,"column":40}},"type":"if","locations":[{"start":{"line":22,"column":4},"end":{"line":22,"column":40}},{"start":{},"end":{}}],"line":22},"6":{"loc":{"start":{"line":25,"column":4},"end":{"line":29,"column":5}},"type":"if","locations":[{"start":{"line":25,"column":4},"end":{"line":29,"column":5}},{"start":{},"end":{}}],"line":25},"7":{"loc":{"start":{"line":34,"column":4},"end":{"line":34,"column":64}},"type":"if","locations":[{"start":{"line":34,"column":4},"end":{"line":34,"column":64}},{"start":{},"end":{}}],"line":34},"8":{"loc":{"start":{"line":34,"column":8},"end":{"line":34,"column":46}},"type":"binary-expr","locations":[{"start":{"line":34,"column":8},"end":{"line":34,"column":12}},{"start":{"line":34,"column":16},"end":{"line":34,"column":27}},{"start":{"line":34,"column":31},"end":{"line":34,"column":46}}],"line":34},"9":{"loc":{"start":{"line":35,"column":4},"end":{"line":35,"column":40}},"type":"if","locations":[{"start":{"line":35,"column":4},"end":{"line":35,"column":40}},{"start":{},"end":{}}],"line":35},"10":{"loc":{"start":{"line":54,"column":11},"end":{"line":54,"column":67}},"type":"binary-expr","locations":[{"start":{"line":54,"column":11},"end":{"line":54,"column":27}},{"start":{"line":54,"column":31},"end":{"line":54,"column":54}},{"start":{"line":54,"column":58},"end":{"line":54,"column":67}}],"line":54},"11":{"loc":{"start":{"line":59,"column":4},"end":{"line":59,"column":50}},"type":"if","locations":[{"start":{"line":59,"column":4},"end":{"line":59,"column":50}},{"start":{},"end":{}}],"line":59},"12":{"loc":{"start":{"line":60,"column":4},"end":{"line":60,"column":51}},"type":"if","locations":[{"start":{"line":60,"column":4},"end":{"line":60,"column":51}},{"start":{},"end":{}}],"line":60},"13":{"loc":{"start":{"line":61,"column":4},"end":{"line":61,"column":51}},"type":"if","locations":[{"start":{"line":61,"column":4},"end":{"line":61,"column":51}},{"start":{},"end":{}}],"line":61},"14":{"loc":{"start":{"line":65,"column":2},"end":{"line":76,"column":3}},"type":"if","locations":[{"start":{"line":65,"column":2},"end":{"line":76,"column":3}},{"start":{},"end":{}}],"line":65},"15":{"loc":{"start":{"line":72,"column":11},"end":{"line":72,"column":84}},"type":"cond-expr","locations":[{"start":{"line":72,"column":25},"end":{"line":72,"column":53}},{"start":{"line":72,"column":56},"end":{"line":72,"column":84}}],"line":72},"16":{"loc":{"start":{"line":121,"column":47},"end":{"line":121,"column":89}},"type":"cond-expr","locations":[{"start":{"line":121,"column":76},"end":{"line":121,"column":84}},{"start":{"line":121,"column":87},"end":{"line":121,"column":89}}],"line":121},"17":{"loc":{"start":{"line":126,"column":30},"end":{"line":126,"column":73}},"type":"binary-expr","locations":[{"start":{"line":126,"column":30},"end":{"line":126,"column":48}},{"start":{"line":126,"column":52},"end":{"line":126,"column":73}}],"line":126},"18":{"loc":{"start":{"line":129,"column":48},"end":{"line":129,"column":84}},"type":"cond-expr","locations":[{"start":{"line":129,"column":69},"end":{"line":129,"column":79}},{"start":{"line":129,"column":82},"end":{"line":129,"column":84}}],"line":129},"19":{"loc":{"start":{"line":135,"column":19},"end":{"line":135,"column":74}},"type":"cond-expr","locations":[{"start":{"line":135,"column":34},"end":{"line":135,"column":68}},{"start":{"line":135,"column":71},"end":{"line":135,"column":74}}],"line":135},"20":{"loc":{"start":{"line":143,"column":7},"end":{"line":147,"column":7}},"type":"binary-expr","locations":[{"start":{"line":143,"column":7},"end":{"line":143,"column":19}},{"start":{"line":144,"column":8},"end":{"line":146,"column":14}}],"line":143}},"s":{"0":1,"1":21,"2":20,"3":35,"4":10,"5":25,"6":0,"7":25,"8":21,"9":110,"10":4,"11":106,"12":104,"13":2,"14":2,"15":2,"16":2,"17":2,"18":0,"19":21,"20":55,"21":18,"22":37,"23":1,"24":36,"25":21,"26":55,"27":55,"28":21,"29":55,"30":55,"31":11,"32":55,"33":1,"34":55,"35":8,"36":55,"37":21,"38":2,"39":19,"40":55},"f":{"0":21,"1":20,"2":35,"3":110,"4":55,"5":55,"6":55,"7":55},"b":{"0":[10,25],"1":[35,10],"2":[0,25],"3":[25,25],"4":[4,106],"5":[104,2],"6":[2,0],"7":[18,37],"8":[55,55,37],"9":[1,36],"10":[55,1,1],"11":[11,44],"12":[1,54],"13":[8,47],"14":[2,19],"15":[1,1],"16":[18,37],"17":[55,2],"18":[53,2],"19":[54,1],"20":[19,2]},"_coverageSchema":"1a1c01bbd47fc00a2c39e90264f33305004495a9","hash":"fddece06fe6ddd7a493feb1f691f8fdc4650d535"}
,"/Users/ben/Code/f1test/src/components/RaceHeader.tsx": {"path":"/Users/ben/Code/f1test/src/components/RaceHeader.tsx","statementMap":{"0":{"start":{"line":8,"column":53},"end":{"line":88,"column":1}},"1":{"start":{"line":9,"column":23},"end":{"line":19,"column":3}},"2":{"start":{"line":10,"column":4},"end":{"line":18,"column":5}},"3":{"start":{"line":11,"column":20},"end":{"line":11,"column":37}},"4":{"start":{"line":12,"column":21},"end":{"line":12,"column":38}},"5":{"start":{"line":13,"column":18},"end":{"line":13,"column":35}},"6":{"start":{"line":14,"column":24},"end":{"line":14,"column":41}},"7":{"start":{"line":15,"column":25},"end":{"line":15,"column":42}},"8":{"start":{"line":16,"column":33},"end":{"line":16,"column":50}},"9":{"start":{"line":17,"column":15},"end":{"line":17,"column":32}},"10":{"start":{"line":21,"column":28},"end":{"line":30,"column":3}},"11":{"start":{"line":22,"column":44},"end":{"line":28,"column":5}},"12":{"start":{"line":29,"column":4},"end":{"line":29,"column":33}},"13":{"start":{"line":32,"column":30},"end":{"line":40,"column":3}},"14":{"start":{"line":33,"column":46},"end":{"line":38,"column":5}},"15":{"start":{"line":39,"column":4},"end":{"line":39,"column":39}},"16":{"start":{"line":42,"column":2},"end":{"line":51,"column":3}},"17":{"start":{"line":43,"column":4},"end":{"line":50,"column":6}},"18":{"start":{"line":53,"column":2},"end":{"line":87,"column":4}}},"fnMap":{"0":{"name":"(anonymous_0)","decl":{"start":{"line":8,"column":53},"end":{"line":8,"column":54}},"loc":{"start":{"line":8,"column":73},"end":{"line":88,"column":1}},"line":8},"1":{"name":"(anonymous_1)","decl":{"start":{"line":9,"column":23},"end":{"line":9,"column":24}},"loc":{"start":{"line":9,"column":42},"end":{"line":19,"column":3}},"line":9},"2":{"name":"(anonymous_2)","decl":{"start":{"line":21,"column":28},"end":{"line":21,"column":29}},"loc":{"start":{"line":21,"column":46},"end":{"line":30,"column":3}},"line":21},"3":{"name":"(anonymous_3)","decl":{"start":{"line":32,"column":30},"end":{"line":32,"column":31}},"loc":{"start":{"line":32,"column":50},"end":{"line":40,"column":3}},"line":32}},"branchMap":{"0":{"loc":{"start":{"line":10,"column":4},"end":{"line":18,"column":5}},"type":"switch","locations":[{"start":{"line":11,"column":6},"end":{"line":11,"column":37}},{"start":{"line":12,"column":6},"end":{"line":12,"column":38}},{"start":{"line":13,"column":6},"end":{"line":13,"column":35}},{"start":{"line":14,"column":6},"end":{"line":14,"column":41}},{"start":{"line":15,"column":6},"end":{"line":15,"column":42}},{"start":{"line":16,"column":6},"end":{"line":16,"column":50}},{"start":{"line":17,"column":6},"end":{"line":17,"column":32}}],"line":10},"1":{"loc":{"start":{"line":29,"column":11},"end":{"line":29,"column":32}},"type":"binary-expr","locations":[{"start":{"line":29,"column":11},"end":{"line":29,"column":24}},{"start":{"line":29,"column":28},"end":{"line":29,"column":32}}],"line":29},"2":{"loc":{"start":{"line":39,"column":11},"end":{"line":39,"column":38}},"type":"binary-expr","locations":[{"start":{"line":39,"column":11},"end":{"line":39,"column":28}},{"start":{"line":39,"column":32},"end":{"line":39,"column":38}}],"line":39},"3":{"loc":{"start":{"line":42,"column":2},"end":{"line":51,"column":3}},"type":"if","locations":[{"start":{"line":42,"column":2},"end":{"line":51,"column":3}},{"start":{},"end":{}}],"line":42},"4":{"loc":{"start":{"line":64,"column":9},"end":{"line":72,"column":9}},"type":"binary-expr","locations":[{"start":{"line":64,"column":9},"end":{"line":64,"column":30}},{"start":{"line":65,"column":10},"end":{"line":71,"column":16}}],"line":64},"5":{"loc":{"start":{"line":74,"column":9},"end":{"line":78,"column":9}},"type":"binary-expr","locations":[{"start":{"line":74,"column":9},"end":{"line":74,"column":30}},{"start":{"line":74,"column":34},"end":{"line":74,"column":54}},{"start":{"line":75,"column":10},"end":{"line":77,"column":16}}],"line":74},"6":{"loc":{"start":{"line":80,"column":9},"end":{"line":84,"column":9}},"type":"binary-expr","locations":[{"start":{"line":80,"column":9},"end":{"line":80,"column":33}},{"start":{"line":81,"column":10},"end":{"line":83,"column":16}}],"line":80}},"s":{"0":0,"1":0,"2":0,"3":0,"4":0,"5":0,"6":0,"7":0,"8":0,"9":0,"10":0,"11":0,"12":0,"13":0,"14":0,"15":0,"16":0,"17":0,"18":0},"f":{"0":0,"1":0,"2":0,"3":0},"b":{"0":[0,0,0,0,0,0,0],"1":[0,0],"2":[0,0],"3":[0,0],"4":[0,0],"5":[0,0,0],"6":[0,0]}}
,"/Users/ben/Code/f1test/src/hooks/useWebSocket.ts": {"path":"/Users/ben/Code/f1test/src/hooks/useWebSocket.ts","statementMap":{"0":{"start":{"line":5,"column":22},"end":{"line":5,"column":84}},"1":{"start":{"line":7,"column":28},"end":{"line":158,"column":1}},"2":{"start":{"line":8,"column":32},"end":{"line":8,"column":54}},"3":{"start":{"line":9,"column":38},"end":{"line":9,"column":71}},"4":{"start":{"line":10,"column":50},"end":{"line":13,"column":4}},"5":{"start":{"line":15,"column":20},"end":{"line":15,"column":47}},"6":{"start":{"line":16,"column":30},"end":{"line":16,"column":54}},"7":{"start":{"line":17,"column":31},"end":{"line":17,"column":40}},"8":{"start":{"line":19,"column":33},"end":{"line":19,"column":34}},"9":{"start":{"line":20,"column":29},"end":{"line":20,"column":33}},"10":{"start":{"line":22,"column":18},"end":{"line":119,"column":8}},"11":{"start":{"line":23,"column":4},"end":{"line":25,"column":5}},"12":{"start":{"line":24,"column":6},"end":{"line":24,"column":13}},"13":{"start":{"line":27,"column":4},"end":{"line":27,"column":85}},"14":{"start":{"line":27,"column":33},"end":{"line":27,"column":82}},"15":{"start":{"line":29,"column":19},"end":{"line":33,"column":6}},"16":{"start":{"line":35,"column":4},"end":{"line":43,"column":7}},"17":{"start":{"line":36,"column":6},"end":{"line":36,"column":51}},"18":{"start":{"line":37,"column":6},"end":{"line":41,"column":9}},"19":{"start":{"line":42,"column":6},"end":{"line":42,"column":39}},"20":{"start":{"line":45,"column":4},"end":{"line":62,"column":7}},"21":{"start":{"line":46,"column":6},"end":{"line":46,"column":65}},"22":{"start":{"line":47,"column":6},"end":{"line":52,"column":10}},"23":{"start":{"line":47,"column":35},"end":{"line":52,"column":7}},"24":{"start":{"line":55,"column":6},"end":{"line":61,"column":7}},"25":{"start":{"line":56,"column":8},"end":{"line":56,"column":39}},"26":{"start":{"line":57,"column":8},"end":{"line":60,"column":31}},"27":{"start":{"line":58,"column":10},"end":{"line":58,"column":104}},"28":{"start":{"line":59,"column":10},"end":{"line":59,"column":20}},"29":{"start":{"line":64,"column":4},"end":{"line":72,"column":7}},"30":{"start":{"line":65,"column":6},"end":{"line":65,"column":48}},"31":{"start":{"line":66,"column":6},"end":{"line":71,"column":10}},"32":{"start":{"line":66,"column":35},"end":{"line":71,"column":7}},"33":{"start":{"line":75,"column":4},"end":{"line":87,"column":7}},"34":{"start":{"line":76,"column":6},"end":{"line":85,"column":9}},"35":{"start":{"line":77,"column":30},"end":{"line":77,"column":69}},"36":{"start":{"line":77,"column":50},"end":{"line":77,"column":68}},"37":{"start":{"line":78,"column":8},"end":{"line":84,"column":9}},"38":{"start":{"line":79,"column":26},"end":{"line":79,"column":35}},"39":{"start":{"line":80,"column":10},"end":{"line":80,"column":76}},"40":{"start":{"line":81,"column":10},"end":{"line":81,"column":65}},"41":{"start":{"line":81,"column":40},"end":{"line":81,"column":63}},"42":{"start":{"line":83,"column":10},"end":{"line":83,"column":75}},"43":{"start":{"line":83,"column":50},"end":{"line":83,"column":73}},"44":{"start":{"line":86,"column":6},"end":{"line":86,"column":73}},"45":{"start":{"line":86,"column":35},"end":{"line":86,"column":70}},"46":{"start":{"line":89,"column":4},"end":{"line":92,"column":7}},"47":{"start":{"line":90,"column":6},"end":{"line":90,"column":69}},"48":{"start":{"line":90,"column":43},"end":{"line":90,"column":66}},"49":{"start":{"line":91,"column":6},"end":{"line":91,"column":73}},"50":{"start":{"line":91,"column":35},"end":{"line":91,"column":70}},"51":{"start":{"line":94,"column":4},"end":{"line":97,"column":7}},"52":{"start":{"line":95,"column":6},"end":{"line":95,"column":28}},"53":{"start":{"line":96,"column":6},"end":{"line":96,"column":73}},"54":{"start":{"line":96,"column":35},"end":{"line":96,"column":70}},"55":{"start":{"line":99,"column":4},"end":{"line":116,"column":7}},"56":{"start":{"line":100,"column":6},"end":{"line":114,"column":8}},"57":{"start":{"line":101,"column":8},"end":{"line":113,"column":9}},"58":{"start":{"line":102,"column":10},"end":{"line":112,"column":20}},"59":{"start":{"line":115,"column":6},"end":{"line":115,"column":73}},"60":{"start":{"line":115,"column":35},"end":{"line":115,"column":70}},"61":{"start":{"line":118,"column":4},"end":{"line":118,"column":31}},"62":{"start":{"line":121,"column":21},"end":{"line":135,"column":8}},"63":{"start":{"line":122,"column":4},"end":{"line":124,"column":5}},"64":{"start":{"line":123,"column":6},"end":{"line":123,"column":48}},"65":{"start":{"line":126,"column":4},"end":{"line":129,"column":5}},"66":{"start":{"line":127,"column":6},"end":{"line":127,"column":37}},"67":{"start":{"line":128,"column":6},"end":{"line":128,"column":31}},"68":{"start":{"line":131,"column":4},"end":{"line":134,"column":7}},"69":{"start":{"line":137,"column":16},"end":{"line":141,"column":27}},"70":{"start":{"line":138,"column":4},"end":{"line":138,"column":37}},"71":{"start":{"line":139,"column":4},"end":{"line":139,"column":17}},"72":{"start":{"line":140,"column":4},"end":{"line":140,"column":30}},"73":{"start":{"line":143,"column":2},"end":{"line":149,"column":28}},"74":{"start":{"line":144,"column":4},"end":{"line":144,"column":14}},"75":{"start":{"line":146,"column":4},"end":{"line":148,"column":6}},"76":{"start":{"line":147,"column":6},"end":{"line":147,"column":19}},"77":{"start":{"line":151,"column":2},"end":{"line":157,"column":4}}},"fnMap":{"0":{"name":"(anonymous_0)","decl":{"start":{"line":7,"column":28},"end":{"line":7,"column":29}},"loc":{"start":{"line":7,"column":34},"end":{"line":158,"column":1}},"line":7},"1":{"name":"(anonymous_1)","decl":{"start":{"line":22,"column":30},"end":{"line":22,"column":31}},"loc":{"start":{"line":22,"column":36},"end":{"line":119,"column":3}},"line":22},"2":{"name":"(anonymous_2)","decl":{"start":{"line":27,"column":24},"end":{"line":27,"column":25}},"loc":{"start":{"line":27,"column":33},"end":{"line":27,"column":82}},"line":27},"3":{"name":"(anonymous_3)","decl":{"start":{"line":35,"column":25},"end":{"line":35,"column":26}},"loc":{"start":{"line":35,"column":31},"end":{"line":43,"column":5}},"line":35},"4":{"name":"(anonymous_4)","decl":{"start":{"line":45,"column":28},"end":{"line":45,"column":29}},"loc":{"start":{"line":45,"column":40},"end":{"line":62,"column":5}},"line":45},"5":{"name":"(anonymous_5)","decl":{"start":{"line":47,"column":26},"end":{"line":47,"column":27}},"loc":{"start":{"line":47,"column":35},"end":{"line":52,"column":7}},"line":47},"6":{"name":"(anonymous_6)","decl":{"start":{"line":57,"column":49},"end":{"line":57,"column":50}},"loc":{"start":{"line":57,"column":55},"end":{"line":60,"column":9}},"line":57},"7":{"name":"(anonymous_7)","decl":{"start":{"line":64,"column":31},"end":{"line":64,"column":32}},"loc":{"start":{"line":64,"column":42},"end":{"line":72,"column":5}},"line":64},"8":{"name":"(anonymous_8)","decl":{"start":{"line":66,"column":26},"end":{"line":66,"column":27}},"loc":{"start":{"line":66,"column":35},"end":{"line":71,"column":7}},"line":66},"9":{"name":"(anonymous_9)","decl":{"start":{"line":75,"column":31},"end":{"line":75,"column":32}},"loc":{"start":{"line":75,"column":51},"end":{"line":87,"column":5}},"line":75},"10":{"name":"(anonymous_10)","decl":{"start":{"line":76,"column":17},"end":{"line":76,"column":18}},"loc":{"start":{"line":76,"column":25},"end":{"line":85,"column":7}},"line":76},"11":{"name":"(anonymous_11)","decl":{"start":{"line":77,"column":45},"end":{"line":77,"column":46}},"loc":{"start":{"line":77,"column":50},"end":{"line":77,"column":68}},"line":77},"12":{"name":"(anonymous_12)","decl":{"start":{"line":81,"column":30},"end":{"line":81,"column":31}},"loc":{"start":{"line":81,"column":40},"end":{"line":81,"column":63}},"line":81},"13":{"name":"(anonymous_13)","decl":{"start":{"line":83,"column":40},"end":{"line":83,"column":41}},"loc":{"start":{"line":83,"column":50},"end":{"line":83,"column":73}},"line":83},"14":{"name":"(anonymous_14)","decl":{"start":{"line":86,"column":26},"end":{"line":86,"column":27}},"loc":{"start":{"line":86,"column":35},"end":{"line":86,"column":70}},"line":86},"15":{"name":"(anonymous_15)","decl":{"start":{"line":89,"column":29},"end":{"line":89,"column":30}},"loc":{"start":{"line":89,"column":55},"end":{"line":92,"column":5}},"line":89},"16":{"name":"(anonymous_16)","decl":{"start":{"line":90,"column":33},"end":{"line":90,"column":34}},"loc":{"start":{"line":90,"column":43},"end":{"line":90,"column":66}},"line":90},"17":{"name":"(anonymous_17)","decl":{"start":{"line":91,"column":26},"end":{"line":91,"column":27}},"loc":{"start":{"line":91,"column":35},"end":{"line":91,"column":70}},"line":91},"18":{"name":"(anonymous_18)","decl":{"start":{"line":94,"column":29},"end":{"line":94,"column":30}},"loc":{"start":{"line":94,"column":53},"end":{"line":97,"column":5}},"line":94},"19":{"name":"(anonymous_19)","decl":{"start":{"line":96,"column":26},"end":{"line":96,"column":27}},"loc":{"start":{"line":96,"column":35},"end":{"line":96,"column":70}},"line":96},"20":{"name":"(anonymous_20)","decl":{"start":{"line":99,"column":31},"end":{"line":99,"column":32}},"loc":{"start":{"line":99,"column":102},"end":{"line":116,"column":5}},"line":99},"21":{"name":"(anonymous_21)","decl":{"start":{"line":100,"column":17},"end":{"line":100,"column":18}},"loc":{"start":{"line":101,"column":8},"end":{"line":113,"column":9}},"line":101},"22":{"name":"(anonymous_22)","decl":{"start":{"line":101,"column":17},"end":{"line":101,"column":18}},"loc":{"start":{"line":102,"column":10},"end":{"line":112,"column":20}},"line":102},"23":{"name":"(anonymous_23)","decl":{"start":{"line":115,"column":26},"end":{"line":115,"column":27}},"loc":{"start":{"line":115,"column":35},"end":{"line":115,"column":70}},"line":115},"24":{"name":"(anonymous_24)","decl":{"start":{"line":121,"column":33},"end":{"line":121,"column":34}},"loc":{"start":{"line":121,"column":39},"end":{"line":135,"column":3}},"line":121},"25":{"name":"(anonymous_25)","decl":{"start":{"line":137,"column":28},"end":{"line":137,"column":29}},"loc":{"start":{"line":137,"column":34},"end":{"line":141,"column":3}},"line":137},"26":{"name":"(anonymous_26)","decl":{"start":{"line":143,"column":12},"end":{"line":143,"column":13}},"loc":{"start":{"line":143,"column":18},"end":{"line":149,"column":3}},"line":143},"27":{"name":"(anonymous_27)","decl":{"start":{"line":146,"column":11},"end":{"line":146,"column":12}},"loc":{"start":{"line":146,"column":17},"end":{"line":148,"column":5}},"line":146}},"branchMap":{"0":{"loc":{"start":{"line":5,"column":22},"end":{"line":5,"column":84}},"type":"binary-expr","locations":[{"start":{"line":5,"column":22},"end":{"line":5,"column":57}},{"start":{"line":5,"column":61},"end":{"line":5,"column":84}}],"line":5},"1":{"loc":{"start":{"line":23,"column":4},"end":{"line":25,"column":5}},"type":"if","locations":[{"start":{"line":23,"column":4},"end":{"line":25,"column":5}},{"start":{},"end":{}}],"line":23},"2":{"loc":{"start":{"line":55,"column":6},"end":{"line":61,"column":7}},"type":"if","locations":[{"start":{"line":55,"column":6},"end":{"line":61,"column":7}},{"start":{},"end":{}}],"line":55},"3":{"loc":{"start":{"line":55,"column":10},"end":{"line":55,"column":100}},"type":"binary-expr","locations":[{"start":{"line":55,"column":10},"end":{"line":55,"column":43}},{"start":{"line":55,"column":47},"end":{"line":55,"column":100}}],"line":55},"4":{"loc":{"start":{"line":78,"column":8},"end":{"line":84,"column":9}},"type":"if","locations":[{"start":{"line":78,"column":8},"end":{"line":84,"column":9}},{"start":{"line":82,"column":15},"end":{"line":84,"column":9}}],"line":78},"5":{"loc":{"start":{"line":102,"column":10},"end":{"line":112,"column":20}},"type":"cond-expr","locations":[{"start":{"line":103,"column":14},"end":{"line":111,"column":15}},{"start":{"line":112,"column":14},"end":{"line":112,"column":20}}],"line":102},"6":{"loc":{"start":{"line":108,"column":29},"end":{"line":110,"column":38}},"type":"cond-expr","locations":[{"start":{"line":109,"column":20},"end":{"line":109,"column":35}},{"start":{"line":110,"column":20},"end":{"line":110,"column":38}}],"line":108},"7":{"loc":{"start":{"line":108,"column":29},"end":{"line":108,"column":88}},"type":"binary-expr","locations":[{"start":{"line":108,"column":29},"end":{"line":108,"column":48}},{"start":{"line":108,"column":52},"end":{"line":108,"column":88}}],"line":108},"8":{"loc":{"start":{"line":122,"column":4},"end":{"line":124,"column":5}},"type":"if","locations":[{"start":{"line":122,"column":4},"end":{"line":124,"column":5}},{"start":{},"end":{}}],"line":122},"9":{"loc":{"start":{"line":126,"column":4},"end":{"line":129,"column":5}},"type":"if","locations":[{"start":{"line":126,"column":4},"end":{"line":129,"column":5}},{"start":{},"end":{}}],"line":126}},"s":{"0":1,"1":1,"2":23,"3":23,"4":23,"5":23,"6":23,"7":23,"8":23,"9":23,"10":23,"11":23,"12":0,"13":23,"14":23,"15":23,"16":23,"17":0,"18":0,"19":0,"20":0,"21":0,"22":0,"23":0,"24":0,"25":0,"26":0,"27":0,"28":0,"29":0,"30":0,"31":0,"32":0,"33":0,"34":0,"35":0,"36":0,"37":0,"38":0,"39":0,"40":0,"41":0,"42":0,"43":0,"44":0,"45":0,"46":0,"47":0,"48":0,"49":0,"50":0,"51":0,"52":0,"53":0,"54":0,"55":0,"56":0,"57":0,"58":0,"59":0,"60":0,"61":0,"62":23,"63":0,"64":0,"65":0,"66":0,"67":0,"68":0,"69":23,"70":0,"71":0,"72":0,"73":23,"74":23,"75":0,"76":0,"77":23},"f":{"0":23,"1":23,"2":23,"3":0,"4":0,"5":0,"6":0,"7":0,"8":0,"9":0,"10":0,"11":0,"12":0,"13":0,"14":0,"15":0,"16":0,"17":0,"18":0,"19":0,"20":0,"21":0,"22":0,"23":0,"24":0,"25":0,"26":23,"27":0},"b":{"0":[1,0],"1":[0,23],"2":[0,0],"3":[0,0],"4":[0,0],"5":[0,0],"6":[0,0],"7":[0,0],"8":[0,0],"9":[0,0]},"_coverageSchema":"1a1c01bbd47fc00a2c39e90264f33305004495a9","hash":"43f9015f8b2476b111a6c9f20e59cbdd3f30a06f"}
,"/Users/ben/Code/f1test/src/types/f1Data.ts": {"path":"/Users/ben/Code/f1test/src/types/f1Data.ts","statementMap":{},"fnMap":{},"branchMap":{},"s":{},"f":{},"b":{}}
}
