TN:
SF:src/App.tsx
FN:8,(anonymous_0)
FNF:1
FNH:0
FNDA:0,(anonymous_0)
DA:8,0
DA:14,0
DA:16,0
LF:3
LH:0
BRDA:35,0,0,0
BRDA:35,0,1,0
BRF:2
BRH:0
end_of_record
TN:
SF:src/components/ConnectionStatus.tsx
FN:9,(anonymous_0)
FN:10,(anonymous_1)
FN:16,(anonymous_2)
FN:22,(anonymous_3)
FNF:4
FNH:2
FNDA:72,(anonymous_0)
FNDA:72,(anonymous_1)
FNDA:0,(anonymous_2)
FNDA:0,(anonymous_3)
DA:9,1
DA:10,72
DA:11,72
DA:12,0
DA:13,0
DA:16,72
DA:17,0
DA:18,0
DA:19,0
DA:22,72
DA:23,0
DA:24,0
DA:25,0
DA:27,0
DA:28,0
DA:29,0
DA:32,72
LF:17
LH:6
BRDA:11,0,0,0
BRDA:11,0,1,0
BRDA:12,1,0,0
BRDA:12,1,1,0
BRDA:17,2,0,0
BRDA:17,2,1,0
BRDA:18,3,0,0
BRDA:18,3,1,0
BRDA:23,4,0,0
BRDA:23,4,1,0
BRDA:27,5,0,0
BRDA:27,5,1,0
BRDA:28,6,0,0
BRDA:28,6,1,0
BRDA:42,7,0,0
BRDA:42,7,1,0
BRDA:48,8,0,0
BRDA:48,8,1,0
BRF:18
BRH:0
end_of_record
TN:
SF:src/components/LiveDataTable.tsx
FN:9,(anonymous_0)
FN:10,(anonymous_1)
FN:11,(anonymous_2)
FN:19,(anonymous_3)
FN:33,(anonymous_4)
FN:39,(anonymous_5)
FN:57,(anonymous_6)
FN:100,(anonymous_7)
FNF:8
FNH:8
FNDA:21,(anonymous_0)
FNDA:20,(anonymous_1)
FNDA:35,(anonymous_2)
FNDA:110,(anonymous_3)
FNDA:55,(anonymous_4)
FNDA:55,(anonymous_5)
FNDA:55,(anonymous_6)
FNDA:55,(anonymous_7)
DA:9,1
DA:10,21
DA:11,20
DA:13,35
DA:14,25
DA:15,25
DA:19,21
DA:20,110
DA:22,106
DA:24,2
DA:25,2
DA:26,2
DA:27,2
DA:28,2
DA:30,0
DA:33,21
DA:34,55
DA:35,37
DA:36,36
DA:39,21
DA:41,55
DA:54,55
DA:57,21
DA:58,55
DA:59,55
DA:60,55
DA:61,55
DA:62,55
DA:65,21
DA:66,2
DA:78,19
DA:101,55
LF:32
LH:31
BRDA:13,0,0,10
BRDA:13,0,1,25
BRDA:13,1,0,35
BRDA:13,1,1,10
BRDA:14,2,0,0
BRDA:14,2,1,25
BRDA:14,3,0,25
BRDA:14,3,1,25
BRDA:20,4,0,4
BRDA:20,4,1,106
BRDA:22,5,0,104
BRDA:22,5,1,2
BRDA:25,6,0,2
BRDA:25,6,1,0
BRDA:34,7,0,18
BRDA:34,7,1,37
BRDA:34,8,0,55
BRDA:34,8,1,55
BRDA:34,8,2,37
BRDA:35,9,0,1
BRDA:35,9,1,36
BRDA:54,10,0,55
BRDA:54,10,1,1
BRDA:54,10,2,1
BRDA:59,11,0,11
BRDA:59,11,1,44
BRDA:60,12,0,1
BRDA:60,12,1,54
BRDA:61,13,0,8
BRDA:61,13,1,47
BRDA:65,14,0,2
BRDA:65,14,1,19
BRDA:72,15,0,1
BRDA:72,15,1,1
BRDA:121,16,0,18
BRDA:121,16,1,37
BRDA:126,17,0,55
BRDA:126,17,1,2
BRDA:129,18,0,53
BRDA:129,18,1,2
BRDA:135,19,0,54
BRDA:135,19,1,1
BRDA:143,20,0,19
BRDA:143,20,1,2
BRF:44
BRH:42
end_of_record
TN:
SF:src/components/RaceHeader.tsx
FN:8,(anonymous_0)
FN:9,(anonymous_1)
FN:21,(anonymous_2)
FN:32,(anonymous_3)
FNF:4
FNH:0
FNDA:0,(anonymous_0)
FNDA:0,(anonymous_1)
FNDA:0,(anonymous_2)
FNDA:0,(anonymous_3)
DA:8,0
DA:9,0
DA:10,0
DA:11,0
DA:12,0
DA:13,0
DA:14,0
DA:15,0
DA:16,0
DA:17,0
DA:21,0
DA:22,0
DA:29,0
DA:32,0
DA:33,0
DA:39,0
DA:42,0
DA:43,0
DA:53,0
LF:19
LH:0
BRDA:10,0,0,0
BRDA:10,0,1,0
BRDA:10,0,2,0
BRDA:10,0,3,0
BRDA:10,0,4,0
BRDA:10,0,5,0
BRDA:10,0,6,0
BRDA:29,1,0,0
BRDA:29,1,1,0
BRDA:39,2,0,0
BRDA:39,2,1,0
BRDA:42,3,0,0
BRDA:42,3,1,0
BRDA:64,4,0,0
BRDA:64,4,1,0
BRDA:74,5,0,0
BRDA:74,5,1,0
BRDA:74,5,2,0
BRDA:80,6,0,0
BRDA:80,6,1,0
BRF:20
BRH:0
end_of_record
TN:
SF:src/hooks/useWebSocket.ts
FN:7,(anonymous_0)
FN:22,(anonymous_1)
FN:27,(anonymous_2)
FN:35,(anonymous_3)
FN:45,(anonymous_4)
FN:47,(anonymous_5)
FN:57,(anonymous_6)
FN:64,(anonymous_7)
FN:66,(anonymous_8)
FN:75,(anonymous_9)
FN:76,(anonymous_10)
FN:77,(anonymous_11)
FN:81,(anonymous_12)
FN:83,(anonymous_13)
FN:86,(anonymous_14)
FN:89,(anonymous_15)
FN:90,(anonymous_16)
FN:91,(anonymous_17)
FN:94,(anonymous_18)
FN:96,(anonymous_19)
FN:99,(anonymous_20)
FN:100,(anonymous_21)
FN:101,(anonymous_22)
FN:115,(anonymous_23)
FN:121,(anonymous_24)
FN:137,(anonymous_25)
FN:143,(anonymous_26)
FN:146,(anonymous_27)
FNF:28
FNH:4
FNDA:23,(anonymous_0)
FNDA:23,(anonymous_1)
FNDA:23,(anonymous_2)
FNDA:0,(anonymous_3)
FNDA:0,(anonymous_4)
FNDA:0,(anonymous_5)
FNDA:0,(anonymous_6)
FNDA:0,(anonymous_7)
FNDA:0,(anonymous_8)
FNDA:0,(anonymous_9)
FNDA:0,(anonymous_10)
FNDA:0,(anonymous_11)
FNDA:0,(anonymous_12)
FNDA:0,(anonymous_13)
FNDA:0,(anonymous_14)
FNDA:0,(anonymous_15)
FNDA:0,(anonymous_16)
FNDA:0,(anonymous_17)
FNDA:0,(anonymous_18)
FNDA:0,(anonymous_19)
FNDA:0,(anonymous_20)
FNDA:0,(anonymous_21)
FNDA:0,(anonymous_22)
FNDA:0,(anonymous_23)
FNDA:0,(anonymous_24)
FNDA:0,(anonymous_25)
FNDA:23,(anonymous_26)
FNDA:0,(anonymous_27)
DA:5,1
DA:7,1
DA:8,23
DA:9,23
DA:10,23
DA:15,23
DA:16,23
DA:17,23
DA:19,23
DA:20,23
DA:22,23
DA:23,23
DA:24,0
DA:27,23
DA:29,23
DA:35,23
DA:36,0
DA:37,0
DA:42,0
DA:45,0
DA:46,0
DA:47,0
DA:55,0
DA:56,0
DA:57,0
DA:58,0
DA:59,0
DA:64,0
DA:65,0
DA:66,0
DA:75,0
DA:76,0
DA:77,0
DA:78,0
DA:79,0
DA:80,0
DA:81,0
DA:83,0
DA:86,0
DA:89,0
DA:90,0
DA:91,0
DA:94,0
DA:95,0
DA:96,0
DA:99,0
DA:100,0
DA:101,0
DA:102,0
DA:115,0
DA:118,0
DA:121,23
DA:122,0
DA:123,0
DA:126,0
DA:127,0
DA:128,0
DA:131,0
DA:137,23
DA:138,0
DA:139,0
DA:140,0
DA:143,23
DA:144,23
DA:146,0
DA:147,0
DA:151,23
LF:67
LH:20
BRDA:5,0,0,1
BRDA:5,0,1,0
BRDA:23,1,0,0
BRDA:23,1,1,23
BRDA:55,2,0,0
BRDA:55,2,1,0
BRDA:55,3,0,0
BRDA:55,3,1,0
BRDA:78,4,0,0
BRDA:78,4,1,0
BRDA:102,5,0,0
BRDA:102,5,1,0
BRDA:108,6,0,0
BRDA:108,6,1,0
BRDA:108,7,0,0
BRDA:108,7,1,0
BRDA:122,8,0,0
BRDA:122,8,1,0
BRDA:126,9,0,0
BRDA:126,9,1,0
BRF:20
BRH:2
end_of_record
TN:
SF:src/types/f1Data.ts
FNF:0
FNH:0
LF:0
LH:0
BRF:0
BRH:0
end_of_record
